# JRE version: Java(TM) SE Runtime Environment (8.0_151-b12) (build 1.8.0_151-b12)
# Java VM: Java HotSpot(TM) 64-Bit Server VM (25.151-b12 mixed mode windows-amd64 compressed oops)
Heap:
 PSYoungGen      total 30720K, used 13499K [0x00000000eb400000, 0x00000000ee080000, 0x0000000100000000)
  eden space 22016K, 21% used [0x00000000eb400000,0x00000000eb8b6ca0,0x00000000ec980000)
  from space 8704K, 99% used [0x00000000ed400000,0x00000000edc78150,0x00000000edc80000)
  to   space 10752K, 0% used [0x00000000ec980000,0x00000000ec980000,0x00000000ed400000)
 ParOldGen       total 41984K, used 13309K [0x00000000c1c00000, 0x00000000c4500000, 0x00000000eb400000)
  object space 41984K, 31% used [0x00000000c1c00000,0x00000000c28ff610,0x00000000c4500000)
 Metaspace       used 24502K, capacity 25682K, committed 25904K, reserved 1071104K
  class space    used 3308K, capacity 3569K, committed 3632K, reserved 1048576K
GC Heap History (10 events):
Event: 5.855 GC heap before
{Heap before GC invocations=3 (full 0):
 PSYoungGen      total 18944K, used 18912K [0x00000000eb400000, 0x00000000ec900000, 0x0000000100000000)
  eden space 16384K, 100% used [0x00000000eb400000,0x00000000ec400000,0x00000000ec400000)
  from space 2560K, 98% used [0x00000000ec680000,0x00000000ec8f8010,0x00000000ec900000)
  to   space 2560K, 0% used [0x00000000ec400000,0x00000000ec400000,0x00000000ec680000)
 ParOldGen       total 44032K, used 4871K [0x00000000c1c00000, 0x00000000c4700000, 0x00000000eb400000)
  object space 44032K, 11% used [0x00000000c1c00000,0x00000000c20c1dd8,0x00000000c4700000)
 Metaspace       used 18632K, capacity 19242K, committed 19584K, reserved 1067008K
  class space    used 2451K, capacity 2629K, committed 2688K, reserved 1048576K
Event: 5.865 GC heap after
Heap after GC invocations=3 (full 0):
 PSYoungGen      total 18944K, used 2544K [0x00000000eb400000, 0x00000000ec900000, 0x0000000100000000)
  eden space 16384K, 0% used [0x00000000eb400000,0x00000000eb400000,0x00000000ec400000)
  from space 2560K, 99% used [0x00000000ec400000,0x00000000ec67c070,0x00000000ec680000)
  to   space 2560K, 0% used [0x00000000ec680000,0x00000000ec680000,0x00000000ec900000)
 ParOldGen       total 44032K, used 9773K [0x00000000c1c00000, 0x00000000c4700000, 0x00000000eb400000)
  object space 44032K, 22% used [0x00000000c1c00000,0x00000000c258b758,0x00000000c4700000)
 Metaspace       used 18632K, capacity 19242K, committed 19584K, reserved 1067008K
  class space    used 2451K, capacity 2629K, committed 2688K, reserved 1048576K
}
Event: 6.102 GC heap before
{Heap before GC invocations=4 (full 0):
 PSYoungGen      total 18944K, used 9330K [0x00000000eb400000, 0x00000000ec900000, 0x0000000100000000)
  eden space 16384K, 41% used [0x00000000eb400000,0x00000000ebaa0900,0x00000000ec400000)
  from space 2560K, 99% used [0x00000000ec400000,0x00000000ec67c070,0x00000000ec680000)
  to   space 2560K, 0% used [0x00000000ec680000,0x00000000ec680000,0x00000000ec900000)
 ParOldGen       total 44032K, used 9773K [0x00000000c1c00000, 0x00000000c4700000, 0x00000000eb400000)
  object space 44032K, 22% used [0x00000000c1c00000,0x00000000c258b758,0x00000000c4700000)
 Metaspace       used 20537K, capacity 21232K, committed 21296K, reserved 1067008K
  class space    used 2875K, capacity 3074K, committed 3120K, reserved 1048576K
Event: 6.109 GC heap after
Heap after GC invocations=4 (full 0):
 PSYoungGen      total 18944K, used 2544K [0x00000000eb400000, 0x00000000ed900000, 0x0000000100000000)
  eden space 16384K, 0% used [0x00000000eb400000,0x00000000eb400000,0x00000000ec400000)
  from space 2560K, 99% used [0x00000000ec680000,0x00000000ec8fc070,0x00000000ec900000)
  to   space 2560K, 0% used [0x00000000ec400000,0x00000000ec400000,0x00000000ec680000)
 ParOldGen       total 44032K, used 10671K [0x00000000c1c00000, 0x00000000c4700000, 0x00000000eb400000)
  object space 44032K, 24% used [0x00000000c1c00000,0x00000000c266bc20,0x00000000c4700000)
 Metaspace       used 20537K, capacity 21232K, committed 21296K, reserved 1067008K
  class space    used 2875K, capacity 3074K, committed 3120K, reserved 1048576K
}
Event: 6.109 GC heap before
{Heap before GC invocations=5 (full 1):
 PSYoungGen      total 18944K, used 2544K [0x00000000eb400000, 0x00000000ed900000, 0x0000000100000000)
  eden space 16384K, 0% used [0x00000000eb400000,0x00000000eb400000,0x00000000ec400000)
  from space 2560K, 99% used [0x00000000ec680000,0x00000000ec8fc070,0x00000000ec900000)
  to   space 2560K, 0% used [0x00000000ec400000,0x00000000ec400000,0x00000000ec680000)
 ParOldGen       total 44032K, used 10671K [0x00000000c1c00000, 0x00000000c4700000, 0x00000000eb400000)
  object space 44032K, 24% used [0x00000000c1c00000,0x00000000c266bc20,0x00000000c4700000)
 Metaspace       used 20537K, capacity 21232K, committed 21296K, reserved 1067008K
  class space    used 2875K, capacity 3074K, committed 3120K, reserved 1048576K
Event: 6.170 GC heap after
Heap after GC invocations=5 (full 1):
 PSYoungGen      total 18944K, used 0K [0x00000000eb400000, 0x00000000ed900000, 0x0000000100000000)
  eden space 16384K, 0% used [0x00000000eb400000,0x00000000eb400000,0x00000000ec400000)
  from space 2560K, 0% used [0x00000000ec680000,0x00000000ec680000,0x00000000ec900000)
  to   space 2560K, 0% used [0x00000000ec400000,0x00000000ec400000,0x00000000ec680000)
 ParOldGen       total 41984K, used 10286K [0x00000000c1c00000, 0x00000000c4500000, 0x00000000eb400000)
  object space 41984K, 24% used [0x00000000c1c00000,0x00000000c260b9b8,0x00000000c4500000)
 Metaspace       used 20537K, capacity 21232K, committed 21296K, reserved 1067008K
  class space    used 2875K, capacity 3074K, committed 3120K, reserved 1048576K
}
Event: 13.834 GC heap before
{Heap before GC invocations=6 (full 1):
 PSYoungGen      total 18944K, used 16384K [0x00000000eb400000, 0x00000000ed900000, 0x0000000100000000)
  eden space 16384K, 100% used [0x00000000eb400000,0x00000000ec400000,0x00000000ec400000)
  from space 2560K, 0% used [0x00000000ec680000,0x00000000ec680000,0x00000000ec900000)
  to   space 2560K, 0% used [0x00000000ec400000,0x00000000ec400000,0x00000000ec680000)
 ParOldGen       total 41984K, used 10286K [0x00000000c1c00000, 0x00000000c4500000, 0x00000000eb400000)
  object space 41984K, 24% used [0x00000000c1c00000,0x00000000c260b9b8,0x00000000c4500000)
 Metaspace       used 23184K, capacity 24326K, committed 24496K, reserved 1071104K
  class space    used 3203K, capacity 3425K, committed 3504K, reserved 1048576K
Event: 13.839 GC heap after
Heap after GC invocations=6 (full 1):
 PSYoungGen      total 18944K, used 2528K [0x00000000eb400000, 0x00000000edc80000, 0x0000000100000000)
  eden space 16384K, 0% used [0x00000000eb400000,0x00000000eb400000,0x00000000ec400000)
  from space 2560K, 98% used [0x00000000ec400000,0x00000000ec678010,0x00000000ec680000)
  to   space 8704K, 0% used [0x00000000ed400000,0x00000000ed400000,0x00000000edc80000)
 ParOldGen       total 41984K, used 12720K [0x00000000c1c00000, 0x00000000c4500000, 0x00000000eb400000)
  object space 41984K, 30% used [0x00000000c1c00000,0x00000000c286c370,0x00000000c4500000)
 Metaspace       used 23184K, capacity 24326K, committed 24496K, reserved 1071104K
  class space    used 3203K, capacity 3425K, committed 3504K, reserved 1048576K
}
Event: 16.059 GC heap before
{Heap before GC invocations=7 (full 1):
 PSYoungGen      total 18944K, used 18007K [0x00000000eb400000, 0x00000000edc80000, 0x0000000100000000)
  eden space 16384K, 94% used [0x00000000eb400000,0x00000000ec31deb8,0x00000000ec400000)
  from space 2560K, 98% used [0x00000000ec400000,0x00000000ec678010,0x00000000ec680000)
  to   space 8704K, 0% used [0x00000000ed400000,0x00000000ed400000,0x00000000edc80000)
 ParOldGen       total 41984K, used 12720K [0x00000000c1c00000, 0x00000000c4500000, 0x00000000eb400000)
  object space 41984K, 30% used [0x00000000c1c00000,0x00000000c286c370,0x00000000c4500000)
 Metaspace       used 24391K, capacity 25530K, committed 25648K, reserved 1071104K
  class space    used 3307K, capacity 3567K, committed 3632K, reserved 1048576K
Event: 16.074 GC heap after
Heap after GC invocations=7 (full 1):
 PSYoungGen      total 30720K, used 8672K [0x00000000eb400000, 0x00000000ee080000, 0x0000000100000000)
  eden space 22016K, 0% used [0x00000000eb400000,0x00000000eb400000,0x00000000ec980000)
  from space 8704K, 99% used [0x00000000ed400000,0x00000000edc78150,0x00000000edc80000)
  to   space 10752K, 0% used [0x00000000ec980000,0x00000000ec980000,0x00000000ed400000)
 ParOldGen       total 41984K, used 13309K [0x00000000c1c00000, 0x00000000c4500000, 0x00000000eb400000)
  object space 41984K, 31% used [0x00000000c1c00000,0x00000000c28ff610,0x00000000c4500000)
 Metaspace       used 24391K, capacity 25530K, committed 25648K, reserved 1071104K
  class space    used 3307K, capacity 3567K, committed 3632K, reserved 1048576K
}

